<?xml version="1.0" encoding="utf-8"?>
<test-run id="2" name="Application.dll" fullname="/mnt/c/Users/mikeb/Documents/GitHub/COMP3000-CodeEngine/unsafe/bin/Release/net6.0/Application.dll" testcasecount="1" result="Passed" start-time="2022-10-11T11:08:33.4870937Z" end-time="2022-10-11T11:08:33.5329884Z" duration="0.045689" total="1" passed="1" failed="0" inconclusive="0" skipped="0" warnings="0" asserts="1" random-seed="427027963">
  <command-line><![CDATA[/mnt/c/Users/mikeb/Documents/GitHub/COMP3000-CodeEngine/unsafe/bin/Release/net6.0/Application.dll]]></command-line>
  <filter>
    <test>program</test>
  </filter>
  <test-suite type="Assembly" id="1002" name="Application.dll" fullname="/mnt/c/Users/mikeb/Documents/GitHub/COMP3000-CodeEngine/unsafe/bin/Release/net6.0/Application.dll" runstate="Runnable" testcasecount="1" result="Passed" start-time="2022-10-11T11:08:33.4870937Z" end-time="2022-10-11T11:08:33.5329884Z" duration="0.045689" total="1" passed="1" failed="0" warnings="0" inconclusive="0" skipped="0" asserts="1">
    <environment framework-version="3.13.3.0" clr-version="6.0.8" os-version="Linux 5.10.102.1-microsoft-standard-WSL2 #1 SMP Wed Mar 2 00:30:59 UTC 2022" platform="Unix" cwd="/mnt/c/Users/mikeb/Documents/GitHub/COMP3000-CodeEngine/unsafe" machine-name="DESKTOP-9GMK5UJ" user="mbruty" user-domain="DESKTOP-9GMK5UJ" culture="" uiculture="" os-architecture="x64" />
    <settings>
      <setting name="LOAD" value="System.Collections.Generic.List`1[System.String]" />
      <setting name="WorkDirectory" value="/mnt/c/Users/mikeb/Documents/GitHub/COMP3000-CodeEngine/unsafe" />
      <setting name="NumberOfTestWorkers" value="16" />
    </settings>
    <properties>
      <property name="_PID" value="718" />
      <property name="_APPDOMAIN" value="Application" />
    </properties>
    <test-suite type="TestSuite" id="1003" name="program" fullname="program" runstate="Runnable" testcasecount="1" result="Passed" start-time="2022-10-11T11:08:33.4971304Z" end-time="2022-10-11T11:08:33.5328727Z" duration="0.035742" total="1" passed="1" failed="0" warnings="0" inconclusive="0" skipped="0" asserts="1">
      <test-suite type="TestFixture" id="1000" name="TestRunner" fullname="program.TestRunner" classname="program.TestRunner" runstate="Runnable" testcasecount="1" result="Passed" start-time="2022-10-11T11:08:33.4989779Z" end-time="2022-10-11T11:08:33.5320428Z" duration="0.033066" total="1" passed="1" failed="0" warnings="0" inconclusive="0" skipped="0" asserts="1">
        <test-case id="1001" name="TwoTimesTwo_IsFour" fullname="program.TestRunner.TwoTimesTwo_IsFour" methodname="TwoTimesTwo_IsFour" classname="program.TestRunner" runstate="Runnable" seed="954202026" result="Passed" start-time="2022-10-11T11:08:33.5025895Z" end-time="2022-10-11T11:08:33.5267135Z" duration="0.024372" asserts="1" />
      </test-suite>
    </test-suite>
  </test-suite>
</test-run>